Analysis & Synthesis report for serial
Tue Mar 26 16:34:02 2024
Quartus Prime Version 20.1.1 Build 720 11/11/2020 SJ Lite Edition


---------------------
; Table of Contents ;
---------------------
  1. Legal Notice
  2. Analysis & Synthesis Summary
  3. Analysis & Synthesis Settings
  4. Parallel Compilation
  5. Analysis & Synthesis Source Files Read
  6. Analysis & Synthesis Resource Usage Summary
  7. Analysis & Synthesis Resource Utilization by Entity
  8. State Machine - |serial|uart_rx:uart_rx|r_SM_Main
  9. State Machine - |serial|uart_tx:UART_TX_INST|r_SM_Main
 10. Registers Removed During Synthesis
 11. General Register Statistics
 12. Inverted Register Statistics
 13. Multiplexer Restructuring Statistics (Restructuring Performed)
 14. Parameter Settings for User Entity Instance: uart_tx:UART_TX_INST
 15. Parameter Settings for User Entity Instance: uart_rx:uart_rx
 16. Port Connectivity Checks: "edge_detector:edge_detector"
 17. Port Connectivity Checks: "uart_tx:UART_TX_INST"
 18. Post-Synthesis Netlist Statistics for Top Partition
 19. Elapsed Time Per Partition
 20. Analysis & Synthesis Messages



----------------
; Legal Notice ;
----------------
Copyright (C) 2020  Intel Corporation. All rights reserved.
Your use of Intel Corporation's design tools, logic functions 
and other software and tools, and any partner logic 
functions, and any output files from any of the foregoing 
(including device programming or simulation files), and any 
associated documentation or information are expressly subject 
to the terms and conditions of the Intel Program License 
Subscription Agreement, the Intel Quartus Prime License Agreement,
the Intel FPGA IP License Agreement, or other applicable license
agreement, including, without limitation, that your use is for
the sole purpose of programming logic devices manufactured by
Intel and sold by Intel or its authorized distributors.  Please
refer to the applicable agreement for further details, at
https://fpgasoftware.intel.com/eula.



+-------------------------------------------------------------------------------+
; Analysis & Synthesis Summary                                                  ;
+---------------------------------+---------------------------------------------+
; Analysis & Synthesis Status     ; Successful - Tue Mar 26 16:34:02 2024       ;
; Quartus Prime Version           ; 20.1.1 Build 720 11/11/2020 SJ Lite Edition ;
; Revision Name                   ; serial                                      ;
; Top-level Entity Name           ; serial                                      ;
; Family                          ; Cyclone V                                   ;
; Logic utilization (in ALMs)     ; N/A                                         ;
; Total registers                 ; 67                                          ;
; Total pins                      ; 22                                          ;
; Total virtual pins              ; 0                                           ;
; Total block memory bits         ; 0                                           ;
; Total DSP Blocks                ; 0                                           ;
; Total HSSI RX PCSs              ; 0                                           ;
; Total HSSI PMA RX Deserializers ; 0                                           ;
; Total HSSI TX PCSs              ; 0                                           ;
; Total HSSI PMA TX Serializers   ; 0                                           ;
; Total PLLs                      ; 0                                           ;
; Total DLLs                      ; 0                                           ;
+---------------------------------+---------------------------------------------+


+---------------------------------------------------------------------------------------------------------------------------+
; Analysis & Synthesis Settings                                                                                             ;
+---------------------------------------------------------------------------------+--------------------+--------------------+
; Option                                                                          ; Setting            ; Default Value      ;
+---------------------------------------------------------------------------------+--------------------+--------------------+
; Device                                                                          ; 5CEBA4F23C7        ;                    ;
; Top-level entity name                                                           ; serial             ; serial             ;
; Family name                                                                     ; Cyclone V          ; Cyclone V          ;
; Use smart compilation                                                           ; Off                ; Off                ;
; Enable parallel Assembler and Timing Analyzer during compilation                ; On                 ; On                 ;
; Enable compact report table                                                     ; Off                ; Off                ;
; Restructure Multiplexers                                                        ; Auto               ; Auto               ;
; MLAB Add Timing Constraints For Mixed-Port Feed-Through Mode Setting Don't Care ; Off                ; Off                ;
; Create Debugging Nodes for IP Cores                                             ; Off                ; Off                ;
; Preserve fewer node names                                                       ; On                 ; On                 ;
; Intel FPGA IP Evaluation Mode                                                   ; Enable             ; Enable             ;
; Verilog Version                                                                 ; Verilog_2001       ; Verilog_2001       ;
; VHDL Version                                                                    ; VHDL_1993          ; VHDL_1993          ;
; State Machine Processing                                                        ; Auto               ; Auto               ;
; Safe State Machine                                                              ; Off                ; Off                ;
; Extract Verilog State Machines                                                  ; On                 ; On                 ;
; Extract VHDL State Machines                                                     ; On                 ; On                 ;
; Ignore Verilog initial constructs                                               ; Off                ; Off                ;
; Iteration limit for constant Verilog loops                                      ; 5000               ; 5000               ;
; Iteration limit for non-constant Verilog loops                                  ; 250                ; 250                ;
; Add Pass-Through Logic to Inferred RAMs                                         ; On                 ; On                 ;
; Infer RAMs from Raw Logic                                                       ; On                 ; On                 ;
; Parallel Synthesis                                                              ; On                 ; On                 ;
; DSP Block Balancing                                                             ; Auto               ; Auto               ;
; NOT Gate Push-Back                                                              ; On                 ; On                 ;
; Power-Up Don't Care                                                             ; On                 ; On                 ;
; Remove Redundant Logic Cells                                                    ; Off                ; Off                ;
; Remove Duplicate Registers                                                      ; On                 ; On                 ;
; Ignore CARRY Buffers                                                            ; Off                ; Off                ;
; Ignore CASCADE Buffers                                                          ; Off                ; Off                ;
; Ignore GLOBAL Buffers                                                           ; Off                ; Off                ;
; Ignore ROW GLOBAL Buffers                                                       ; Off                ; Off                ;
; Ignore LCELL Buffers                                                            ; Off                ; Off                ;
; Ignore SOFT Buffers                                                             ; On                 ; On                 ;
; Limit AHDL Integers to 32 Bits                                                  ; Off                ; Off                ;
; Optimization Technique                                                          ; Balanced           ; Balanced           ;
; Carry Chain Length                                                              ; 70                 ; 70                 ;
; Auto Carry Chains                                                               ; On                 ; On                 ;
; Auto Open-Drain Pins                                                            ; On                 ; On                 ;
; Perform WYSIWYG Primitive Resynthesis                                           ; Off                ; Off                ;
; Auto ROM Replacement                                                            ; On                 ; On                 ;
; Auto RAM Replacement                                                            ; On                 ; On                 ;
; Auto DSP Block Replacement                                                      ; On                 ; On                 ;
; Auto Shift Register Replacement                                                 ; Auto               ; Auto               ;
; Allow Shift Register Merging across Hierarchies                                 ; Auto               ; Auto               ;
; Auto Clock Enable Replacement                                                   ; On                 ; On                 ;
; Strict RAM Replacement                                                          ; Off                ; Off                ;
; Allow Synchronous Control Signals                                               ; On                 ; On                 ;
; Force Use of Synchronous Clear Signals                                          ; Off                ; Off                ;
; Auto Resource Sharing                                                           ; Off                ; Off                ;
; Allow Any RAM Size For Recognition                                              ; Off                ; Off                ;
; Allow Any ROM Size For Recognition                                              ; Off                ; Off                ;
; Allow Any Shift Register Size For Recognition                                   ; Off                ; Off                ;
; Use LogicLock Constraints during Resource Balancing                             ; On                 ; On                 ;
; Ignore translate_off and synthesis_off directives                               ; Off                ; Off                ;
; Timing-Driven Synthesis                                                         ; On                 ; On                 ;
; Report Parameter Settings                                                       ; On                 ; On                 ;
; Report Source Assignments                                                       ; On                 ; On                 ;
; Report Connectivity Checks                                                      ; On                 ; On                 ;
; Ignore Maximum Fan-Out Assignments                                              ; Off                ; Off                ;
; Synchronization Register Chain Length                                           ; 3                  ; 3                  ;
; Power Optimization During Synthesis                                             ; Normal compilation ; Normal compilation ;
; HDL message level                                                               ; Level2             ; Level2             ;
; Suppress Register Optimization Related Messages                                 ; Off                ; Off                ;
; Number of Removed Registers Reported in Synthesis Report                        ; 5000               ; 5000               ;
; Number of Swept Nodes Reported in Synthesis Report                              ; 5000               ; 5000               ;
; Number of Inverted Registers Reported in Synthesis Report                       ; 100                ; 100                ;
; Clock MUX Protection                                                            ; On                 ; On                 ;
; Auto Gated Clock Conversion                                                     ; Off                ; Off                ;
; Block Design Naming                                                             ; Auto               ; Auto               ;
; SDC constraint protection                                                       ; Off                ; Off                ;
; Synthesis Effort                                                                ; Auto               ; Auto               ;
; Shift Register Replacement - Allow Asynchronous Clear Signal                    ; On                 ; On                 ;
; Pre-Mapping Resynthesis Optimization                                            ; Off                ; Off                ;
; Analysis & Synthesis Message Level                                              ; Medium             ; Medium             ;
; Disable Register Merging Across Hierarchies                                     ; Auto               ; Auto               ;
; Resource Aware Inference For Block RAM                                          ; On                 ; On                 ;
; Automatic Parallel Synthesis                                                    ; On                 ; On                 ;
; Partial Reconfiguration Bitstream ID                                            ; Off                ; Off                ;
+---------------------------------------------------------------------------------+--------------------+--------------------+


+------------------------------------------+
; Parallel Compilation                     ;
+----------------------------+-------------+
; Processors                 ; Number      ;
+----------------------------+-------------+
; Number detected on machine ; 4           ;
; Maximum allowed            ; 2           ;
;                            ;             ;
; Average used               ; 1.00        ;
; Maximum used               ; 2           ;
;                            ;             ;
; Usage by Processor         ; % Time Used ;
;     Processor 1            ; 100.0%      ;
;     Processor 2            ;   0.0%      ;
+----------------------------+-------------+


+-------------------------------------------------------------------------------------------------------------------------------------------------------------------------+
; Analysis & Synthesis Source Files Read                                                                                                                                  ;
+----------------------------------+-----------------+------------------------+---------------------------------------------------------------------------------+---------+
; File Name with User-Entered Path ; Used in Netlist ; File Type              ; File Name with Absolute Path                                                    ; Library ;
+----------------------------------+-----------------+------------------------+---------------------------------------------------------------------------------+---------+
; ../hexa7seg.v                    ; yes             ; User Verilog HDL File  ; C:/Users/joao2/Desktop/Nova pasta/uart-serial-data-transmission/hexa7seg.v      ;         ;
; ../edge_detector.v               ; yes             ; User Verilog HDL File  ; C:/Users/joao2/Desktop/Nova pasta/uart-serial-data-transmission/edge_detector.v ;         ;
; ../uart_tx.v                     ; yes             ; User Verilog HDL File  ; C:/Users/joao2/Desktop/Nova pasta/uart-serial-data-transmission/uart_tx.v       ;         ;
; ../uart_rx.v                     ; yes             ; User Verilog HDL File  ; C:/Users/joao2/Desktop/Nova pasta/uart-serial-data-transmission/uart_rx.v       ;         ;
; ../serial.v                      ; yes             ; User Verilog HDL File  ; C:/Users/joao2/Desktop/Nova pasta/uart-serial-data-transmission/serial.v        ;         ;
+----------------------------------+-----------------+------------------------+---------------------------------------------------------------------------------+---------+


+-----------------------------------------------------------+
; Analysis & Synthesis Resource Usage Summary               ;
+---------------------------------------------+-------------+
; Resource                                    ; Usage       ;
+---------------------------------------------+-------------+
; Estimate of Logic utilization (ALMs needed) ; 57          ;
;                                             ;             ;
; Combinational ALUT usage for logic          ; 93          ;
;     -- 7 input functions                    ; 0           ;
;     -- 6 input functions                    ; 20          ;
;     -- 5 input functions                    ; 14          ;
;     -- 4 input functions                    ; 23          ;
;     -- <=3 input functions                  ; 36          ;
;                                             ;             ;
; Dedicated logic registers                   ; 67          ;
;                                             ;             ;
; I/O pins                                    ; 22          ;
;                                             ;             ;
; Total DSP Blocks                            ; 0           ;
;                                             ;             ;
; Maximum fan-out node                        ; clock~input ;
; Maximum fan-out                             ; 67          ;
; Total fan-out                               ; 587         ;
; Average fan-out                             ; 2.88        ;
+---------------------------------------------+-------------+


+----------------------------------------------------------------------------------------------------------------------------------------------------------------------------------------------------------------+
; Analysis & Synthesis Resource Utilization by Entity                                                                                                                                                            ;
+----------------------------------+---------------------+---------------------------+-------------------+------------+------+--------------+-------------------------------------+---------------+--------------+
; Compilation Hierarchy Node       ; Combinational ALUTs ; Dedicated Logic Registers ; Block Memory Bits ; DSP Blocks ; Pins ; Virtual Pins ; Full Hierarchy Name                 ; Entity Name   ; Library Name ;
+----------------------------------+---------------------+---------------------------+-------------------+------------+------+--------------+-------------------------------------+---------------+--------------+
; |serial                          ; 93 (3)              ; 67 (8)                    ; 0                 ; 0          ; 22   ; 0            ; |serial                             ; serial        ; work         ;
;    |edge_detector:edge_detector| ; 0 (0)               ; 2 (2)                     ; 0                 ; 0          ; 0    ; 0            ; |serial|edge_detector:edge_detector ; edge_detector ; work         ;
;    |hexa7seg:hex0|               ; 7 (7)               ; 0 (0)                     ; 0                 ; 0          ; 0    ; 0            ; |serial|hexa7seg:hex0               ; hexa7seg      ; work         ;
;    |hexa7seg:hex1|               ; 7 (7)               ; 0 (0)                     ; 0                 ; 0          ; 0    ; 0            ; |serial|hexa7seg:hex1               ; hexa7seg      ; work         ;
;    |uart_rx:uart_rx|             ; 44 (44)             ; 32 (32)                   ; 0                 ; 0          ; 0    ; 0            ; |serial|uart_rx:uart_rx             ; uart_rx       ; work         ;
;    |uart_tx:UART_TX_INST|        ; 32 (32)             ; 25 (25)                   ; 0                 ; 0          ; 0    ; 0            ; |serial|uart_tx:UART_TX_INST        ; uart_tx       ; work         ;
+----------------------------------+---------------------+---------------------------+-------------------+------------+------+--------------+-------------------------------------+---------------+--------------+
Note: For table entries with two numbers listed, the numbers in parentheses indicate the number of resources of the given type used by the specific entity alone. The numbers listed outside of parentheses indicate the total resources of the given type used by the specific entity and all of its sub-entities in the hierarchy.


Encoding Type:  One-Hot
+------------------------------------------------------------------------------------------------------------------------------------------------+
; State Machine - |serial|uart_rx:uart_rx|r_SM_Main                                                                                              ;
+--------------------------+-------------------------+--------------------------+--------------------------+---------------+---------------------+
; Name                     ; r_SM_Main.s_RX_STOP_BIT ; r_SM_Main.s_RX_DATA_BITS ; r_SM_Main.s_RX_START_BIT ; r_SM_Main.000 ; r_SM_Main.s_CLEANUP ;
+--------------------------+-------------------------+--------------------------+--------------------------+---------------+---------------------+
; r_SM_Main.000            ; 0                       ; 0                        ; 0                        ; 0             ; 0                   ;
; r_SM_Main.s_RX_START_BIT ; 0                       ; 0                        ; 1                        ; 1             ; 0                   ;
; r_SM_Main.s_RX_DATA_BITS ; 0                       ; 1                        ; 0                        ; 1             ; 0                   ;
; r_SM_Main.s_RX_STOP_BIT  ; 1                       ; 0                        ; 0                        ; 1             ; 0                   ;
; r_SM_Main.s_CLEANUP      ; 0                       ; 0                        ; 0                        ; 1             ; 1                   ;
+--------------------------+-------------------------+--------------------------+--------------------------+---------------+---------------------+


Encoding Type:  One-Hot
+------------------------------------------------------------------------------------------------------------------------------------------------+
; State Machine - |serial|uart_tx:UART_TX_INST|r_SM_Main                                                                                         ;
+--------------------------+-------------------------+--------------------------+--------------------------+---------------+---------------------+
; Name                     ; r_SM_Main.s_TX_STOP_BIT ; r_SM_Main.s_TX_DATA_BITS ; r_SM_Main.s_TX_START_BIT ; r_SM_Main.000 ; r_SM_Main.s_CLEANUP ;
+--------------------------+-------------------------+--------------------------+--------------------------+---------------+---------------------+
; r_SM_Main.000            ; 0                       ; 0                        ; 0                        ; 0             ; 0                   ;
; r_SM_Main.s_TX_START_BIT ; 0                       ; 0                        ; 1                        ; 1             ; 0                   ;
; r_SM_Main.s_TX_DATA_BITS ; 0                       ; 1                        ; 0                        ; 1             ; 0                   ;
; r_SM_Main.s_TX_STOP_BIT  ; 1                       ; 0                        ; 0                        ; 1             ; 0                   ;
; r_SM_Main.s_CLEANUP      ; 0                       ; 0                        ; 0                        ; 1             ; 1                   ;
+--------------------------+-------------------------+--------------------------+--------------------------+---------------+---------------------+


+----------------------------------------------------------------------------------------+
; Registers Removed During Synthesis                                                     ;
+----------------------------------------+-----------------------------------------------+
; Register name                          ; Reason for Removal                            ;
+----------------------------------------+-----------------------------------------------+
; uart_tx:UART_TX_INST|r_Tx_Data[1..5,7] ; Stuck at GND due to stuck port data_in        ;
; uart_tx:UART_TX_INST|r_Tx_Data[6]      ; Merged with uart_tx:UART_TX_INST|r_Tx_Data[0] ;
; uart_rx:uart_rx|r_SM_Main~2            ; Lost fanout                                   ;
; uart_rx:uart_rx|r_SM_Main~3            ; Lost fanout                                   ;
; uart_tx:UART_TX_INST|r_SM_Main~2       ; Lost fanout                                   ;
; uart_tx:UART_TX_INST|r_SM_Main~3       ; Lost fanout                                   ;
; Total Number of Removed Registers = 11 ;                                               ;
+----------------------------------------+-----------------------------------------------+


+------------------------------------------------------+
; General Register Statistics                          ;
+----------------------------------------------+-------+
; Statistic                                    ; Value ;
+----------------------------------------------+-------+
; Total registers                              ; 67    ;
; Number of registers using Synchronous Clear  ; 26    ;
; Number of registers using Synchronous Load   ; 0     ;
; Number of registers using Asynchronous Clear ; 0     ;
; Number of registers using Asynchronous Load  ; 0     ;
; Number of registers using Clock Enable       ; 34    ;
; Number of registers using Preset             ; 0     ;
+----------------------------------------------+-------+


+--------------------------------------------------+
; Inverted Register Statistics                     ;
+----------------------------------------+---------+
; Inverted Register                      ; Fan out ;
+----------------------------------------+---------+
; dado_recebido[0]                       ; 7       ;
; dado_recebido[4]                       ; 7       ;
; dado_recebido[5]                       ; 7       ;
; uart_rx:uart_rx|r_Rx_Data              ; 12      ;
; uart_rx:uart_rx|r_Rx_Data_R            ; 1       ;
; Total number of inverted registers = 5 ;         ;
+----------------------------------------+---------+


+-------------------------------------------------------------------------------------------------------------------------------------------------------------+
; Multiplexer Restructuring Statistics (Restructuring Performed)                                                                                              ;
+--------------------+-----------+---------------+----------------------+------------------------+------------+-----------------------------------------------+
; Multiplexer Inputs ; Bus Width ; Baseline Area ; Area if Restructured ; Saving if Restructured ; Registered ; Example Multiplexer Output                    ;
+--------------------+-----------+---------------+----------------------+------------------------+------------+-----------------------------------------------+
; 4:1                ; 13 bits   ; 26 LEs        ; 0 LEs                ; 26 LEs                 ; Yes        ; |serial|uart_tx:UART_TX_INST|r_Clock_Count[5] ;
; 7:1                ; 13 bits   ; 52 LEs        ; 0 LEs                ; 52 LEs                 ; Yes        ; |serial|uart_rx:uart_rx|r_Clock_Count[4]      ;
; 3:1                ; 3 bits    ; 6 LEs         ; 6 LEs                ; 0 LEs                  ; No         ; |serial|uart_rx:uart_rx|r_Bit_Index           ;
; 3:1                ; 3 bits    ; 6 LEs         ; 6 LEs                ; 0 LEs                  ; No         ; |serial|uart_tx:UART_TX_INST|r_Bit_Index      ;
+--------------------+-----------+---------------+----------------------+------------------------+------------+-----------------------------------------------+


+-------------------------------------------------------------------+
; Parameter Settings for User Entity Instance: uart_tx:UART_TX_INST ;
+----------------+-------+------------------------------------------+
; Parameter Name ; Value ; Type                                     ;
+----------------+-------+------------------------------------------+
; CLKS_PER_BIT   ; 5208  ; Signed Integer                           ;
+----------------+-------+------------------------------------------+
Note: In order to hide this table in the UI and the text report file, please set the "Show Parameter Settings in Synthesis Report" option in "Analysis and Synthesis Settings -> More Settings" to "Off".


+--------------------------------------------------------------+
; Parameter Settings for User Entity Instance: uart_rx:uart_rx ;
+----------------+-------+-------------------------------------+
; Parameter Name ; Value ; Type                                ;
+----------------+-------+-------------------------------------+
; CLKS_PER_BIT   ; 5208  ; Signed Integer                      ;
+----------------+-------+-------------------------------------+
Note: In order to hide this table in the UI and the text report file, please set the "Show Parameter Settings in Synthesis Report" option in "Analysis and Synthesis Settings -> More Settings" to "Off".


+---------------------------------------------------------+
; Port Connectivity Checks: "edge_detector:edge_detector" ;
+-------+-------+----------+------------------------------+
; Port  ; Type  ; Severity ; Details                      ;
+-------+-------+----------+------------------------------+
; reset ; Input ; Info     ; Explicitly unconnected       ;
+-------+-------+----------+------------------------------+


+---------------------------------------------------+
; Port Connectivity Checks: "uart_tx:UART_TX_INST"  ;
+-----------------+-------+----------+--------------+
; Port            ; Type  ; Severity ; Details      ;
+-----------------+-------+----------+--------------+
; i_Tx_Byte[5..1] ; Input ; Info     ; Stuck at GND ;
; i_Tx_Byte[7]    ; Input ; Info     ; Stuck at GND ;
; i_Tx_Byte[6]    ; Input ; Info     ; Stuck at VCC ;
; i_Tx_Byte[0]    ; Input ; Info     ; Stuck at VCC ;
+-----------------+-------+----------+--------------+


+-----------------------------------------------------+
; Post-Synthesis Netlist Statistics for Top Partition ;
+-----------------------+-----------------------------+
; Type                  ; Count                       ;
+-----------------------+-----------------------------+
; arriav_ff             ; 67                          ;
;     ENA               ; 8                           ;
;     ENA SCLR          ; 26                          ;
;     plain             ; 33                          ;
; arriav_lcell_comb     ; 97                          ;
;     arith             ; 26                          ;
;         1 data inputs ; 26                          ;
;     normal            ; 71                          ;
;         0 data inputs ; 1                           ;
;         1 data inputs ; 7                           ;
;         2 data inputs ; 1                           ;
;         3 data inputs ; 5                           ;
;         4 data inputs ; 23                          ;
;         5 data inputs ; 14                          ;
;         6 data inputs ; 20                          ;
; boundary_port         ; 22                          ;
;                       ;                             ;
; Max LUT depth         ; 3.00                        ;
; Average LUT depth     ; 2.05                        ;
+-----------------------+-----------------------------+


+-------------------------------+
; Elapsed Time Per Partition    ;
+----------------+--------------+
; Partition Name ; Elapsed Time ;
+----------------+--------------+
; Top            ; 00:00:00     ;
+----------------+--------------+


+-------------------------------+
; Analysis & Synthesis Messages ;
+-------------------------------+
Info: *******************************************************************
Info: Running Quartus Prime Analysis & Synthesis
    Info: Version 20.1.1 Build 720 11/11/2020 SJ Lite Edition
    Info: Processing started: Tue Mar 26 16:33:43 2024
Info: Command: quartus_map --read_settings_files=on --write_settings_files=off serial -c serial
Warning (18236): Number of processors has not been specified which may cause overloading on shared machines.  Set the global assignment NUM_PARALLEL_PROCESSORS in your QSF to an appropriate value for best performance.
Info (20030): Parallel compilation is enabled and will use 2 of the 2 processors detected
Info (12021): Found 1 design units, including 1 entities, in source file /users/joao2/desktop/nova pasta/uart-serial-data-transmission/hexa7seg.v
    Info (12023): Found entity 1: hexa7seg File: C:/Users/joao2/Desktop/Nova pasta/uart-serial-data-transmission/hexa7seg.v Line: 3
Info (12021): Found 1 design units, including 1 entities, in source file /users/joao2/desktop/nova pasta/uart-serial-data-transmission/edge_detector.v
    Info (12023): Found entity 1: edge_detector File: C:/Users/joao2/Desktop/Nova pasta/uart-serial-data-transmission/edge_detector.v Line: 2
Info (12021): Found 1 design units, including 1 entities, in source file /users/joao2/desktop/nova pasta/uart-serial-data-transmission/uart_tx.v
    Info (12023): Found entity 1: uart_tx File: C:/Users/joao2/Desktop/Nova pasta/uart-serial-data-transmission/uart_tx.v Line: 14
Info (12021): Found 1 design units, including 1 entities, in source file /users/joao2/desktop/nova pasta/uart-serial-data-transmission/uart_rx.v
    Info (12023): Found entity 1: uart_rx File: C:/Users/joao2/Desktop/Nova pasta/uart-serial-data-transmission/uart_rx.v Line: 14
Info (12021): Found 1 design units, including 1 entities, in source file /users/joao2/desktop/nova pasta/uart-serial-data-transmission/serial.v
    Info (12023): Found entity 1: serial File: C:/Users/joao2/Desktop/Nova pasta/uart-serial-data-transmission/serial.v Line: 1
Warning (10222): Verilog HDL Parameter Declaration warning at uart_tx.v(25): Parameter Declaration in module "uart_tx" behaves as a Local Parameter Declaration because the module has a Module Parameter Port List File: C:/Users/joao2/Desktop/Nova pasta/uart-serial-data-transmission/uart_tx.v Line: 25
Warning (10222): Verilog HDL Parameter Declaration warning at uart_tx.v(26): Parameter Declaration in module "uart_tx" behaves as a Local Parameter Declaration because the module has a Module Parameter Port List File: C:/Users/joao2/Desktop/Nova pasta/uart-serial-data-transmission/uart_tx.v Line: 26
Warning (10222): Verilog HDL Parameter Declaration warning at uart_tx.v(27): Parameter Declaration in module "uart_tx" behaves as a Local Parameter Declaration because the module has a Module Parameter Port List File: C:/Users/joao2/Desktop/Nova pasta/uart-serial-data-transmission/uart_tx.v Line: 27
Warning (10222): Verilog HDL Parameter Declaration warning at uart_tx.v(28): Parameter Declaration in module "uart_tx" behaves as a Local Parameter Declaration because the module has a Module Parameter Port List File: C:/Users/joao2/Desktop/Nova pasta/uart-serial-data-transmission/uart_tx.v Line: 28
Warning (10222): Verilog HDL Parameter Declaration warning at uart_tx.v(29): Parameter Declaration in module "uart_tx" behaves as a Local Parameter Declaration because the module has a Module Parameter Port List File: C:/Users/joao2/Desktop/Nova pasta/uart-serial-data-transmission/uart_tx.v Line: 29
Warning (10222): Verilog HDL Parameter Declaration warning at uart_rx.v(23): Parameter Declaration in module "uart_rx" behaves as a Local Parameter Declaration because the module has a Module Parameter Port List File: C:/Users/joao2/Desktop/Nova pasta/uart-serial-data-transmission/uart_rx.v Line: 23
Warning (10222): Verilog HDL Parameter Declaration warning at uart_rx.v(24): Parameter Declaration in module "uart_rx" behaves as a Local Parameter Declaration because the module has a Module Parameter Port List File: C:/Users/joao2/Desktop/Nova pasta/uart-serial-data-transmission/uart_rx.v Line: 24
Warning (10222): Verilog HDL Parameter Declaration warning at uart_rx.v(25): Parameter Declaration in module "uart_rx" behaves as a Local Parameter Declaration because the module has a Module Parameter Port List File: C:/Users/joao2/Desktop/Nova pasta/uart-serial-data-transmission/uart_rx.v Line: 25
Warning (10222): Verilog HDL Parameter Declaration warning at uart_rx.v(26): Parameter Declaration in module "uart_rx" behaves as a Local Parameter Declaration because the module has a Module Parameter Port List File: C:/Users/joao2/Desktop/Nova pasta/uart-serial-data-transmission/uart_rx.v Line: 26
Warning (10222): Verilog HDL Parameter Declaration warning at uart_rx.v(27): Parameter Declaration in module "uart_rx" behaves as a Local Parameter Declaration because the module has a Module Parameter Port List File: C:/Users/joao2/Desktop/Nova pasta/uart-serial-data-transmission/uart_rx.v Line: 27
Info (12127): Elaborating entity "serial" for the top level hierarchy
Warning (10034): Output port "receptor_acabou" at serial.v(12) has no driver File: C:/Users/joao2/Desktop/Nova pasta/uart-serial-data-transmission/serial.v Line: 12
Info (12128): Elaborating entity "uart_tx" for hierarchy "uart_tx:UART_TX_INST" File: C:/Users/joao2/Desktop/Nova pasta/uart-serial-data-transmission/serial.v Line: 23
Warning (10230): Verilog HDL assignment warning at uart_tx.v(68): truncated value with size 32 to match size of target (13) File: C:/Users/joao2/Desktop/Nova pasta/uart-serial-data-transmission/uart_tx.v Line: 68
Warning (10230): Verilog HDL assignment warning at uart_tx.v(86): truncated value with size 32 to match size of target (13) File: C:/Users/joao2/Desktop/Nova pasta/uart-serial-data-transmission/uart_tx.v Line: 86
Warning (10230): Verilog HDL assignment warning at uart_tx.v(96): truncated value with size 32 to match size of target (3) File: C:/Users/joao2/Desktop/Nova pasta/uart-serial-data-transmission/uart_tx.v Line: 96
Warning (10230): Verilog HDL assignment warning at uart_tx.v(116): truncated value with size 32 to match size of target (13) File: C:/Users/joao2/Desktop/Nova pasta/uart-serial-data-transmission/uart_tx.v Line: 116
Info (12128): Elaborating entity "edge_detector" for hierarchy "edge_detector:edge_detector" File: C:/Users/joao2/Desktop/Nova pasta/uart-serial-data-transmission/serial.v Line: 34
Info (12128): Elaborating entity "uart_rx" for hierarchy "uart_rx:uart_rx" File: C:/Users/joao2/Desktop/Nova pasta/uart-serial-data-transmission/serial.v Line: 43
Warning (10230): Verilog HDL assignment warning at uart_rx.v(80): truncated value with size 32 to match size of target (13) File: C:/Users/joao2/Desktop/Nova pasta/uart-serial-data-transmission/uart_rx.v Line: 80
Warning (10230): Verilog HDL assignment warning at uart_rx.v(91): truncated value with size 32 to match size of target (13) File: C:/Users/joao2/Desktop/Nova pasta/uart-serial-data-transmission/uart_rx.v Line: 91
Warning (10230): Verilog HDL assignment warning at uart_rx.v(102): truncated value with size 32 to match size of target (3) File: C:/Users/joao2/Desktop/Nova pasta/uart-serial-data-transmission/uart_rx.v Line: 102
Warning (10230): Verilog HDL assignment warning at uart_rx.v(120): truncated value with size 32 to match size of target (13) File: C:/Users/joao2/Desktop/Nova pasta/uart-serial-data-transmission/uart_rx.v Line: 120
Info (12128): Elaborating entity "hexa7seg" for hierarchy "hexa7seg:hex0" File: C:/Users/joao2/Desktop/Nova pasta/uart-serial-data-transmission/serial.v Line: 60
Warning (13024): Output pins are stuck at VCC or GND
    Warning (13410): Pin "receptor_acabou" is stuck at GND File: C:/Users/joao2/Desktop/Nova pasta/uart-serial-data-transmission/serial.v Line: 12
Info (286030): Timing-Driven Synthesis is running
Info (17049): 4 registers lost all their fanouts during netlist optimizations.
Info (16010): Generating hard_block partition "hard_block:auto_generated_inst"
    Info (16011): Adding 0 node(s), including 0 DDIO, 0 PLL, 0 transceiver and 0 LCELL
Info (21057): Implemented 123 device resources after synthesis - the final resource count might be different
    Info (21058): Implemented 3 input pins
    Info (21059): Implemented 19 output pins
    Info (21061): Implemented 101 logic cells
Info: Quartus Prime Analysis & Synthesis was successful. 0 errors, 22 warnings
    Info: Peak virtual memory: 4802 megabytes
    Info: Processing ended: Tue Mar 26 16:34:02 2024
    Info: Elapsed time: 00:00:19
    Info: Total CPU time (on all processors): 00:00:30


